<?xml version="1.0" encoding="UTF-8"?>
<!-- Generated by org.testng.reporters.JUnitReportReporter -->
<testsuite hostname="Itay" failures="0" tests="1" name="TAB4U.TAB4URUN" time="2.016" errors="0" timestamp="2022-10-20T21:43:08 IDT" skipped="0">
  <testcase classname="TAB4U.TAB4URUN" name="logobtn" time="2.016"/>
  <system-out/>
</testsuite> <!-- TAB4U.TAB4URUN -->
